COLUMNS SECTION
   index       label primal_value reduced cost
       0    X01        8.000e+01   6.126e-10 
       1    X02        2.550e+01   1.922e-09 
       2    X03        5.450e+01   8.993e-10 
       3    X04        8.480e+01   5.780e-10 
       4    X06        6.933e+01   7.399e-10 
       5    X07        3.424e-08   1.328e+00 
       6    X08        3.392e-08   1.338e+00 
       7    X09        3.363e-08   1.349e+00 
       8    X10        2.304e-08   2.070e+00 
       9    X11        6.847e-08   7.619e-01 
      10    X12        6.785e-08   7.705e-01 
      11    X13        6.726e-08   7.786e-01 
      12    X14        1.821e+01   2.691e-09 
      13    X15        5.112e+01   1.021e-09 
      14    X16        7.349e+01   6.980e-10 
      15    X22        5.000e+02   9.802e-11 
      16    X23        4.759e+02   1.030e-10 
      17    X24        2.408e+01   2.035e-09 
      18    X25        1.144e-06   6.713e-02 
      19    X26        2.150e+02   2.280e-10 
      20    X28        1.230e+02   3.977e-10 
      21    X29        3.681e-08   1.232e+00 
      22    X30        3.632e-08   1.248e+00 
      23    X31        3.584e-08   1.265e+00 
      24    X32        2.485e-08   1.919e+00 
      25    X33        7.362e-08   7.110e-01 
      26    X34        7.264e-08   7.210e-01 
      27    X35        7.169e-08   7.311e-01 
      28    X36        3.399e+02   1.442e-10 
      29    X37        2.609e+02   1.880e-10 
      30    X38        5.291e+01   9.248e-10 
      31    X39        4.901e-09   1.000e+01 
ROWS SECTION
   index       label  dual_value  
       0    R09       -6.286e-01 
       1    R10        4.227e-09 
       2    X05       -3.448e-01 
       3    X21       -2.286e-01 
       4    R12       -2.437e-09 
       5    R13       -4.208e-10 
       6    X17       -3.562e-09 
       7    X18       -1.328e+00 
       8    X19       -1.338e+00 
       9    X20       -1.349e+00 
      10    R19       -9.429e-01 
      11    R20        4.577e-09 
      12    X27       -8.743e-01 
      13    X44       -3.429e-01 
      14    R22       -6.476e-10 
      15    R23       -3.916e-10 
      16    X40       -1.301e-10 
      17    X41       -1.232e+00 
      18    X42       -1.248e+00 
      19    X43       -1.265e+00 
      20    X45       -8.757e-01 
      21    X46       -6.286e-01 
      22    X47       -1.417e-09 
      23    X48       -9.429e-01 
      24    X49       -2.036e-10 
      25    X50       -4.805e-09 
      26    X51       -2.772e-10 
